{"C:\\Users\\dylan\\Documents\\ARoundNUS\\aroundnus\\backend\\controllers\\authController.js": {"path":"C:\\Users\\dylan\\Documents\\ARoundNUS\\aroundnus\\backend\\controllers\\authController.js","statementMap":{"0":{"start":{"line":1,"column":18},"end":{"line":1,"column":47}},"1":{"start":{"line":3,"column":21},"end":{"line":19,"column":1}},"2":{"start":{"line":4,"column":45},"end":{"line":4,"column":53}},"3":{"start":{"line":5,"column":4},"end":{"line":7,"column":5}},"4":{"start":{"line":6,"column":8},"end":{"line":6,"column":78}},"5":{"start":{"line":8,"column":4},"end":{"line":18,"column":5}},"6":{"start":{"line":9,"column":27},"end":{"line":9,"column":90}},"7":{"start":{"line":10,"column":8},"end":{"line":15,"column":11}},"8":{"start":{"line":17,"column":8},"end":{"line":17,"column":53}},"9":{"start":{"line":21,"column":18},"end":{"line":23,"column":1}},"10":{"start":{"line":22,"column":4},"end":{"line":22,"column":153}},"11":{"start":{"line":25,"column":20},"end":{"line":38,"column":1}},"12":{"start":{"line":26,"column":4},"end":{"line":37,"column":5}},"13":{"start":{"line":27,"column":27},"end":{"line":27,"column":52}},"14":{"start":{"line":28,"column":8},"end":{"line":30,"column":9}},"15":{"start":{"line":29,"column":12},"end":{"line":29,"column":72}},"16":{"start":{"line":31,"column":22},"end":{"line":31,"column":46}},"17":{"start":{"line":32,"column":29},"end":{"line":32,"column":68}},"18":{"start":{"line":33,"column":8},"end":{"line":33,"column":32}},"19":{"start":{"line":34,"column":8},"end":{"line":34,"column":15}},"20":{"start":{"line":36,"column":8},"end":{"line":36,"column":75}},"21":{"start":{"line":40,"column":20},"end":{"line":68,"column":1}},"22":{"start":{"line":41,"column":4},"end":{"line":67,"column":5}},"23":{"start":{"line":42,"column":31},"end":{"line":42,"column":39}},"24":{"start":{"line":43,"column":28},"end":{"line":43,"column":54}},"25":{"start":{"line":45,"column":24},"end":{"line":45,"column":70}},"26":{"start":{"line":46,"column":24},"end":{"line":46,"column":43}},"27":{"start":{"line":48,"column":8},"end":{"line":64,"column":9}},"28":{"start":{"line":49,"column":33},"end":{"line":59,"column":13}},"29":{"start":{"line":60,"column":12},"end":{"line":60,"column":44}},"30":{"start":{"line":61,"column":12},"end":{"line":61,"column":98}},"31":{"start":{"line":63,"column":12},"end":{"line":63,"column":85}},"32":{"start":{"line":66,"column":8},"end":{"line":66,"column":60}},"33":{"start":{"line":70,"column":0},"end":{"line":75,"column":1}}},"fnMap":{"0":{"name":"(anonymous_0)","decl":{"start":{"line":3,"column":21},"end":{"line":3,"column":22}},"loc":{"start":{"line":3,"column":41},"end":{"line":19,"column":1}},"line":3},"1":{"name":"(anonymous_1)","decl":{"start":{"line":21,"column":18},"end":{"line":21,"column":19}},"loc":{"start":{"line":21,"column":38},"end":{"line":23,"column":1}},"line":21},"2":{"name":"(anonymous_2)","decl":{"start":{"line":25,"column":20},"end":{"line":25,"column":21}},"loc":{"start":{"line":25,"column":46},"end":{"line":38,"column":1}},"line":25},"3":{"name":"(anonymous_3)","decl":{"start":{"line":40,"column":20},"end":{"line":40,"column":21}},"loc":{"start":{"line":40,"column":40},"end":{"line":68,"column":1}},"line":40}},"branchMap":{"0":{"loc":{"start":{"line":5,"column":4},"end":{"line":7,"column":5}},"type":"if","locations":[{"start":{"line":5,"column":4},"end":{"line":7,"column":5}},{"start":{},"end":{}}],"line":5},"1":{"loc":{"start":{"line":5,"column":8},"end":{"line":5,"column":27}},"type":"binary-expr","locations":[{"start":{"line":5,"column":8},"end":{"line":5,"column":14}},{"start":{"line":5,"column":18},"end":{"line":5,"column":27}}],"line":5},"2":{"loc":{"start":{"line":28,"column":8},"end":{"line":30,"column":9}},"type":"if","locations":[{"start":{"line":28,"column":8},"end":{"line":30,"column":9}},{"start":{},"end":{}}],"line":28},"3":{"loc":{"start":{"line":28,"column":12},"end":{"line":28,"column":60}},"type":"binary-expr","locations":[{"start":{"line":28,"column":12},"end":{"line":28,"column":23}},{"start":{"line":28,"column":27},"end":{"line":28,"column":60}}],"line":28},"4":{"loc":{"start":{"line":43,"column":28},"end":{"line":43,"column":54}},"type":"binary-expr","locations":[{"start":{"line":43,"column":28},"end":{"line":43,"column":48}},{"start":{"line":43,"column":52},"end":{"line":43,"column":54}}],"line":43},"5":{"loc":{"start":{"line":48,"column":8},"end":{"line":64,"column":9}},"type":"if","locations":[{"start":{"line":48,"column":8},"end":{"line":64,"column":9}},{"start":{"line":62,"column":15},"end":{"line":64,"column":9}}],"line":48}},"s":{"0":1,"1":1,"2":3,"3":3,"4":1,"5":2,"6":2,"7":1,"8":1,"9":1,"10":1,"11":1,"12":3,"13":3,"14":3,"15":1,"16":2,"17":2,"18":1,"19":1,"20":1,"21":1,"22":3,"23":3,"24":3,"25":3,"26":3,"27":2,"28":1,"29":1,"30":1,"31":1,"32":1,"33":1},"f":{"0":3,"1":1,"2":3,"3":3},"b":{"0":[1,2],"1":[3,2],"2":[1,2],"3":[3,2],"4":[3,0],"5":[1,1]},"_coverageSchema":"1a1c01bbd47fc00a2c39e90264f33305004495a9","hash":"0f2d40b9a797384da0634ce98ef53eb6391a9e96"}
}
