TN:
SF:controllers\authController.js
FN:3,(anonymous_0)
FN:21,(anonymous_1)
FN:25,(anonymous_2)
FN:40,(anonymous_3)
FNF:4
FNH:4
FNDA:3,(anonymous_0)
FNDA:1,(anonymous_1)
FNDA:3,(anonymous_2)
FNDA:3,(anonymous_3)
DA:1,1
DA:3,1
DA:4,3
DA:5,3
DA:6,1
DA:8,2
DA:9,2
DA:10,1
DA:17,1
DA:21,1
DA:22,1
DA:25,1
DA:26,3
DA:27,3
DA:28,3
DA:29,1
DA:31,2
DA:32,2
DA:33,1
DA:34,1
DA:36,1
DA:40,1
DA:41,3
DA:42,3
DA:43,3
DA:45,3
DA:46,3
DA:48,2
DA:49,1
DA:60,1
DA:61,1
DA:63,1
DA:66,1
DA:70,1
LF:34
LH:34
BRDA:5,0,0,1
BRDA:5,0,1,2
BRDA:5,1,0,3
BRDA:5,1,1,2
BRDA:28,2,0,1
BRDA:28,2,1,2
BRDA:28,3,0,3
BRDA:28,3,1,2
BRDA:43,4,0,3
BRDA:43,4,1,0
BRDA:48,5,0,1
BRDA:48,5,1,1
BRF:12
BRH:11
end_of_record
TN:
SF:controllers\savedLocationsController.js
FN:4,(anonymous_0)
FN:12,(anonymous_1)
FN:26,(anonymous_2)
FN:34,(anonymous_3)
FNF:4
FNH:4
FNDA:1,(anonymous_0)
FNDA:1,(anonymous_1)
FNDA:1,(anonymous_2)
FNDA:2,(anonymous_3)
DA:1,1
DA:4,1
DA:5,1
DA:6,1
DA:7,1
DA:8,1
DA:9,1
DA:12,1
DA:13,1
DA:14,1
DA:16,1
DA:17,1
DA:18,1
DA:20,1
DA:22,1
DA:23,1
DA:26,1
DA:27,1
DA:28,1
DA:30,1
DA:31,1
DA:32,1
DA:34,2
DA:36,1
DA:37,1
DA:43,1
LF:26
LH:26
BRDA:8,0,0,1
BRDA:8,0,1,0
BRDA:18,1,0,1
BRDA:18,1,1,0
BRDA:32,2,0,1
BRDA:32,2,1,0
BRF:6
BRH:3
end_of_record
